<?xml version="1.0" encoding="UTF-8"?>
<!-- Generated by org.testng.reporters.JUnitReportReporter -->
<testsuite hostname="-ROG-" failures="0" tests="6" name="testNG_assignnments.Assignment_04" time="32.334" errors="0" timestamp="2023-02-23T10:40:00 IST" skipped="0">
  <testcase classname="testNG_assignnments.Assignment_04" name="googleSearchTest" time="6.941"/>
  <system-out/>
  <testcase classname="testNG_assignnments.Assignment_04" name="clickOnEbaySite" time="4.525"/>
  <system-out/>
  <testcase classname="testNG_assignnments.Assignment_04" name="searchProduct" time="8.915"/>
  <system-out/>
  <testcase classname="testNG_assignnments.Assignment_04" name="searchNProduct" time="0.054"/>
  <system-out/>
  <testcase classname="testNG_assignnments.Assignment_04" name="serachAll" time="2.385"/>
  <system-out/>
  <testcase classname="testNG_assignnments.Assignment_04" name="seachAllScrollDown" time="9.514"/>
  <system-out/>
</testsuite> <!-- testNG_assignnments.Assignment_04 -->
