<?xml version="1.0" encoding="UTF-8"?>
<!-- Generated by org.testng.reporters.JUnitReportReporter -->
<testsuite hostname="-ROG-" failures="0" tests="6" name="testNG_assignnments.Assignment_01" time="91.851" errors="0" timestamp="2023-02-23T10:37:36 IST" skipped="0">
  <testcase classname="testNG_assignnments.Assignment_01" name="checkNavigateToFB" time="55.539"/>
  <system-out/>
  <testcase classname="testNG_assignnments.Assignment_01" name="checkTitleMatching" time="0.013"/>
  <system-out/>
  <testcase classname="testNG_assignnments.Assignment_01" name="getUrl" time="31.783"/>
  <system-out/>
  <testcase classname="testNG_assignnments.Assignment_01" name="checkBackNavigation" time="3.154"/>
  <system-out/>
  <testcase classname="testNG_assignnments.Assignment_01" name="printTitle" time="0.470"/>
  <system-out/>
  <testcase classname="testNG_assignnments.Assignment_01" name="forwardnavigation" time="0.892"/>
  <system-out/>
</testsuite> <!-- testNG_assignnments.Assignment_01 -->
