<?xml version="1.0" encoding="UTF-8"?>
<!-- Generated by org.testng.reporters.JUnitReportReporter -->
<testsuite hostname="-ROG-" failures="0" tests="6" name="testNG_assignnments.Assignment_02" time="10.957" errors="0" timestamp="2023-02-23T10:38:22 IST" skipped="0">
  <testcase classname="testNG_assignnments.Assignment_02" name="verifyPage" time="0.021"/>
  <system-out/>
  <testcase classname="testNG_assignnments.Assignment_02" name="verifyCreateAnAccount" time="10.075"/>
  <system-out/>
  <testcase classname="testNG_assignnments.Assignment_02" name="checkFillingDetails" time="0.333"/>
  <system-out/>
  <testcase classname="testNG_assignnments.Assignment_02" name="checkFillingDOB" time="0.395"/>
  <system-out/>
  <testcase classname="testNG_assignnments.Assignment_02" name="selectGender" time="0.066"/>
  <system-out/>
  <testcase classname="testNG_assignnments.Assignment_02" name="checkFinalSubmit" time="0.067"/>
  <system-out/>
</testsuite> <!-- testNG_assignnments.Assignment_02 -->
