<?xml version="1.0" encoding="UTF-8"?>
<!-- Generated by org.testng.reporters.JUnitReportReporter -->
<testsuite hostname="-ROG-" failures="0" tests="1" name="testNG_assignnments.Assignment_03" time="0.075" errors="0" timestamp="2023-02-23T11:02:21 IST" skipped="0">
  <testcase classname="testNG_assignnments.Assignment_03" name="getLinkCount" time="0.075"/>
  <system-out/>
</testsuite> <!-- testNG_assignnments.Assignment_03 -->
