<?xml version="1.0" encoding="UTF-8"?>
<!-- Generated by org.testng.reporters.JUnitReportReporter -->
<testsuite hostname="-ROG-" failures="0" tests="4" name="test.TestFlight" time="0.006" errors="0" timestamp="2023-05-10T18:40:44 IST" skipped="0">
  <testcase classname="test.TestFlight" name="testGetClassType" time="0.002"/>
  <system-out/>
  <testcase classname="test.TestFlight" name="testGetRateMethod" time="0.002"/>
  <system-out/>
  <testcase classname="test.TestFlight" name="testGetNoOfPersonMethod" time="0.002"/>
  <system-out/>
  <testcase classname="test.TestFlight" name="testSetDate" time="0.000"/>
  <system-out/>
</testsuite> <!-- test.TestFlight -->
