<?xml version="1.0" encoding="UTF-8"?>
<!-- Generated by org.testng.reporters.JUnitReportReporter -->
<testsuite hostname="-ROG-" failures="0" tests="4" name="test.TestBus" time="0.008" errors="0" timestamp="2023-05-10T18:40:44 IST" skipped="0">
  <testcase classname="test.TestBus" name="testGetNoOfPersonMethod" time="0.001"/>
  <system-out/>
  <testcase classname="test.TestBus" name="testGetBusType" time="0.001"/>
  <system-out/>
  <testcase classname="test.TestBus" name="testGetRateMethod" time="0.003"/>
  <system-out/>
  <testcase classname="test.TestBus" name="testSetDate" time="0.003"/>
  <system-out/>
</testsuite> <!-- test.TestBus -->
