<?xml version="1.0" encoding="UTF-8"?>
<!-- Generated by org.testng.reporters.JUnitReportReporter -->
<testsuite hostname="-ROG-" failures="0" tests="4" name="test.TestHotel" time="0.002" errors="0" timestamp="2023-05-10T18:40:44 IST" skipped="0">
  <testcase classname="test.TestHotel" name="testGetRateMethod" time="0.001"/>
  <system-out/>
  <testcase classname="test.TestHotel" name="testSetDate" time="0.001"/>
  <system-out/>
  <testcase classname="test.TestHotel" name="testGetNoOfPersonMethod" time="0.000"/>
  <system-out/>
  <testcase classname="test.TestHotel" name="testGetRoomType" time="0.000"/>
  <system-out/>
</testsuite> <!-- test.TestHotel -->
