<?xml version="1.0" encoding="UTF-8"?>
<!-- Generated by org.testng.reporters.JUnitReportReporter -->
<testsuite hostname="-ROG-" failures="0" tests="4" name="test.TestTrain" time="0.005" errors="0" timestamp="2023-05-10T18:40:44 IST" skipped="0">
  <testcase classname="test.TestTrain" name="testGetRateMethod" time="0.002"/>
  <system-out/>
  <testcase classname="test.TestTrain" name="testSetDate" time="0.001"/>
  <system-out/>
  <testcase classname="test.TestTrain" name="testGetNoOfPersonMethod" time="0.001"/>
  <system-out/>
  <testcase classname="test.TestTrain" name="testGetBerth" time="0.001"/>
  <system-out/>
</testsuite> <!-- test.TestTrain -->
