<?xml version="1.0" encoding="UTF-8"?>
<!-- Generated by org.testng.reporters.JUnitReportReporter -->
<testsuite hostname="-ROG-" failures="0" tests="1" name="test.TestBooking" time="0.015" errors="0" timestamp="2023-05-10T18:40:44 IST" skipped="0">
  <testcase classname="test.TestBooking" name="testBookingMethod" time="0.015"/>
  <system-out/>
</testsuite> <!-- test.TestBooking -->
