<?xml version="1.0" encoding="UTF-8"?>
<!-- Generated by org.testng.reporters.JUnitReportReporter -->
<testsuite hostname="-ROG-" failures="0" tests="1" name="test.TestAccountDetails" time="0.014" errors="0" timestamp="2023-05-10T21:02:47 IST" skipped="0">
  <testcase classname="test.TestAccountDetails" name="testSetInputsMethod" time="0.014"/>
  <system-out/>
</testsuite> <!-- test.TestAccountDetails -->
