<?xml version="1.0" encoding="UTF-8"?>
<!-- Generated by org.testng.reporters.JUnitReportReporter -->
<testsuite hostname="-ROG-" failures="0" tests="3" name="test.TestAmountDetails" time="0.003" errors="0" timestamp="2023-05-10T21:02:47 IST" skipped="0">
  <testcase classname="test.TestAmountDetails" name="testDepositAmountMethod" time="0.001"/>
  <system-out/>
  <testcase classname="test.TestAmountDetails" name="testAccountBalanceMethod" time="0.001"/>
  <system-out/>
  <testcase classname="test.TestAmountDetails" name="testWithdrawAmountMethod" time="0.001"/>
  <system-out/>
</testsuite> <!-- test.TestAmountDetails -->
